#
# There is insufficient memory for the Java Runtime Environment to continue.
# Native memory allocation (mmap) failed to map 260046848 bytes for G1 virtual space
# Possible reasons:
#   The system is out of physical RAM or swap space
#   The process is running with CompressedOops enabled, and the Java Heap may be blocking the growth of the native heap
# Possible solutions:
#   Reduce memory load on the system
#   Increase physical memory or swap space
#   Check if swap backing store is full
#   Decrease Java heap size (-Xmx/-Xms)
#   Decrease number of Java threads
#   Decrease Java thread stack sizes (-Xss)
#   Set larger code cache with -XX:ReservedCodeCacheSize=
#   JVM is running with Zero Based Compressed Oops mode in which the Java heap is
#     placed in the first 32GB address space. The Java Heap base address is the
#     maximum limit for the native heap growth. Please use -XX:HeapBaseMinAddress
#     to set the Java Heap base and to place the Java Heap above 32GB virtual address.
# This output file may be truncated or incomplete.
#
#  Out of Memory Error (os_windows.cpp:3536), pid=21280, tid=19060
#
# JRE version:  (19.0.2+7) (build )
# Java VM: Java HotSpot(TM) 64-Bit Server VM (19.0.2+7-44, mixed mode, sharing, tiered, compressed oops, compressed class ptrs, g1 gc, windows-amd64)
# No core dump will be written. Minidumps are not enabled by default on client versions of Windows
#

---------------  S U M M A R Y ------------

Command Line: -XX:+ShowCodeDetailsInExceptionMessages --module-path=D:\22BEC1059\ATM\bin;D:\22BEC1059\ATM\Lib\jcalendar-1.4.jar -Djdk.module.main=ATM ATM/ATM.intro

Host: AMD Ryzen 5 4600H with Radeon Graphics         , 12 cores, 15G,  Windows 11 , 64 bit Build 22621 (10.0.22621.3235)
Time: Wed Mar  6 20:53:15 2024 India Standard Time elapsed time: 0.009997 seconds (0d 0h 0m 0s)

---------------  T H R E A D  ---------------

Current thread (0x000002861727eee0):  JavaThread "Unknown thread" [_thread_in_vm, id=19060, stack(0x0000009684a00000,0x0000009684b00000)]

Stack: [0x0000009684a00000,0x0000009684b00000]
Native frames: (J=compiled Java code, j=interpreted, Vv=VM code, C=native code)
V  [jvm.dll+0x6ee21a]
V  [jvm.dll+0x85765e]
V  [jvm.dll+0x85904e]
V  [jvm.dll+0x859703]
V  [jvm.dll+0x28298f]
V  [jvm.dll+0x6eb009]
V  [jvm.dll+0x6dfbaa]
V  [jvm.dll+0x3573f6]
V  [jvm.dll+0x35ee56]
V  [jvm.dll+0x3b541e]
V  [jvm.dll+0x3b564f]
V  [jvm.dll+0x32c9ea]
V  [jvm.dll+0x32d89e]
V  [jvm.dll+0x821780]
V  [jvm.dll+0x3c2661]
V  [jvm.dll+0x801f51]
V  [jvm.dll+0x44ae8f]
V  [jvm.dll+0x44c811]
C  [jli.dll+0x5287]
C  [ucrtbase.dll+0x29363]
C  [KERNEL32.DLL+0x1257d]
C  [ntdll.dll+0x5aa58]


---------------  P R O C E S S  ---------------

Threads class SMR info:
_java_thread_list=0x00007ff83971d048, length=0, elements={
}

Java Threads: ( => current thread )

Other Threads:
  0x00000286172ee880 WorkerThread "GC Thread#0" [stack: 0x0000009684b00000,0x0000009684c00000] [id=10772]
  0x00000286172feea0 ConcurrentGCThread "G1 Main Marker" [stack: 0x0000009684c00000,0x0000009684d00000] [id=15636]
  0x00000286172ffa70 WorkerThread "G1 Conc#0" [stack: 0x0000009684d00000,0x0000009684e00000] [id=22688]

[error occurred during error reporting (printing all threads), id 0xc0000005, EXCEPTION_ACCESS_VIOLATION (0xc0000005) at pc=0x00007ff838edd427]

VM state: not at safepoint (not fully initialized)

VM Mutex/Monitor currently owned by a thread:  ([mutex/lock_event])
[0x000002861727ae50] Heap_lock - owner thread: 0x000002861727eee0

Heap address: 0x0000000709400000, size: 3948 MB, Compressed Oops mode: Zero based, Oop shift amount: 3

CDS archive(s) mapped at: [0x0000000000000000-0x0000000000000000-0x0000000000000000), size 0, SharedBaseAddress: 0x0000000800000000, ArchiveRelocationMode: 0.
Narrow klass base: 0x0000000000000000, Narrow klass shift: 0, Narrow klass range: 0x0

GC Precious Log:
 CardTable entry size: 512
 Card Set container configuration: InlinePtr #cards 4 size 8 Array Of Cards #cards 16 size 48 Howl #buckets 8 coarsen threshold 3686 Howl Bitmap #cards 512 size 80 coarsen threshold 460 Card regions per heap region 1 cards per card region 4096

Heap:
 garbage-first heap   total 0K, used 0K [0x0000000709400000, 0x0000000800000000)
  region size 2048K, 0 young (0K), 0 survivors (0K)

[error occurred during error reporting (printing heap information), id 0xc0000005, EXCEPTION_ACCESS_VIOLATION (0xc0000005) at pc=0x00007ff8392e6649]

GC Heap History (0 events):
No events

Dll operation events (1 events):
Event: 0.006 Loaded shared library C:\Program Files\Java\jdk-19\bin\java.dll

Deoptimization events (0 events):
No events

Classes loaded (0 events):
No events

Classes unloaded (0 events):
No events

Classes redefined (0 events):
No events

Internal exceptions (0 events):
No events

VM Operations (0 events):
No events

Events (0 events):
No events


Dynamic libraries:
0x00007ff6f0ba0000 - 0x00007ff6f0bb0000 	C:\Program Files\Java\jdk-19\bin\java.exe
0x00007ff8c23f0000 - 0x00007ff8c2606000 	C:\WINDOWS\SYSTEM32\ntdll.dll
0x00007ff8c1f00000 - 0x00007ff8c1fc4000 	C:\WINDOWS\System32\KERNEL32.DLL
0x00007ff8bfaa0000 - 0x00007ff8bfe46000 	C:\WINDOWS\System32\KERNELBASE.dll
0x00007ff8bffa0000 - 0x00007ff8c00b1000 	C:\WINDOWS\System32\ucrtbase.dll
0x00007ff8a5810000 - 0x00007ff8a5828000 	C:\Program Files\Java\jdk-19\bin\jli.dll
0x00007ff8a57f0000 - 0x00007ff8a580b000 	C:\Program Files\Java\jdk-19\bin\VCRUNTIME140.dll
0x00007ff8c1d50000 - 0x00007ff8c1e02000 	C:\WINDOWS\System32\ADVAPI32.dll
0x00007ff8c1820000 - 0x00007ff8c18c7000 	C:\WINDOWS\System32\msvcrt.dll
0x00007ff8c1500000 - 0x00007ff8c15a8000 	C:\WINDOWS\System32\sechost.dll
0x00007ff8bfe50000 - 0x00007ff8bfe78000 	C:\WINDOWS\System32\bcrypt.dll
0x00007ff8c20b0000 - 0x00007ff8c21c5000 	C:\WINDOWS\System32\RPCRT4.dll
0x00007ff8c1350000 - 0x00007ff8c14fd000 	C:\WINDOWS\System32\USER32.dll
0x00007ff8bf7a0000 - 0x00007ff8bf7c6000 	C:\WINDOWS\System32\win32u.dll
0x00007ff8b0a20000 - 0x00007ff8b0cb3000 	C:\WINDOWS\WinSxS\amd64_microsoft.windows.common-controls_6595b64144ccf1df_6.0.22621.3235_none_270f74e173860f98\COMCTL32.dll
0x00007ff8c2200000 - 0x00007ff8c2229000 	C:\WINDOWS\System32\GDI32.dll
0x00007ff8bfe80000 - 0x00007ff8bff98000 	C:\WINDOWS\System32\gdi32full.dll
0x00007ff8bf7d0000 - 0x00007ff8bf86a000 	C:\WINDOWS\System32\msvcp_win.dll
0x00007ff8b91f0000 - 0x00007ff8b91fa000 	C:\WINDOWS\SYSTEM32\VERSION.dll
0x00007ff8c0520000 - 0x00007ff8c0551000 	C:\WINDOWS\System32\IMM32.DLL
0x00007ff8a57e0000 - 0x00007ff8a57ec000 	C:\Program Files\Java\jdk-19\bin\vcruntime140_1.dll
0x00007ff866f20000 - 0x00007ff866fae000 	C:\Program Files\Java\jdk-19\bin\msvcp140.dll
0x00007ff838ba0000 - 0x00007ff839860000 	C:\Program Files\Java\jdk-19\bin\server\jvm.dll
0x00007ff8b9550000 - 0x00007ff8b9584000 	C:\WINDOWS\SYSTEM32\WINMM.dll
0x00007ff8b25d0000 - 0x00007ff8b25d9000 	C:\WINDOWS\SYSTEM32\WSOCK32.dll
0x00007ff8c1fd0000 - 0x00007ff8c2041000 	C:\WINDOWS\System32\WS2_32.dll
0x00007ff8be820000 - 0x00007ff8be838000 	C:\WINDOWS\SYSTEM32\kernel.appcore.dll
0x00007ff8ba7c0000 - 0x00007ff8ba7ca000 	C:\Program Files\Java\jdk-19\bin\jimage.dll
0x00007ff8b8180000 - 0x00007ff8b83b3000 	C:\WINDOWS\SYSTEM32\DBGHELP.DLL
0x00007ff8c0660000 - 0x00007ff8c09e8000 	C:\WINDOWS\System32\combase.dll
0x00007ff8c1e10000 - 0x00007ff8c1ee7000 	C:\WINDOWS\System32\OLEAUT32.dll
0x00007ff8b51b0000 - 0x00007ff8b51e2000 	C:\WINDOWS\SYSTEM32\dbgcore.DLL
0x00007ff8c00c0000 - 0x00007ff8c013a000 	C:\WINDOWS\System32\bcryptPrimitives.dll
0x00007ff87c340000 - 0x00007ff87c366000 	C:\Program Files\Java\jdk-19\bin\java.dll

dbghelp: loaded successfully - version: 4.0.5 - missing functions: none
symbol engine: initialized successfully - sym options: 0x614 - pdb path: .;C:\Program Files\Java\jdk-19\bin;C:\WINDOWS\SYSTEM32;C:\WINDOWS\WinSxS\amd64_microsoft.windows.common-controls_6595b64144ccf1df_6.0.22621.3235_none_270f74e173860f98;C:\Program Files\Java\jdk-19\bin\server

VM Arguments:
jvm_args: -XX:+ShowCodeDetailsInExceptionMessages --module-path=D:\22BEC1059\ATM\bin;D:\22BEC1059\ATM\Lib\jcalendar-1.4.jar -Djdk.module.main=ATM 
java_command: ATM/ATM.intro
java_class_path (initial): C:\Users\91630\Downloads\mysql-connector-j-8.0.33\mysql-connector-j-8.0.33\mysql-connector-j-8.0.33.jar
Launcher Type: SUN_STANDARD

[Global flags]
     intx CICompilerCount                          = 4                                         {product} {ergonomic}
     uint ConcGCThreads                            = 3                                         {product} {ergonomic}
     uint G1ConcRefinementThreads                  = 10                                        {product} {ergonomic}
   size_t G1HeapRegionSize                         = 2097152                                   {product} {ergonomic}
    uintx GCDrainStackTargetSize                   = 64                                        {product} {ergonomic}
   size_t InitialHeapSize                          = 260046848                                 {product} {ergonomic}
   size_t MarkStackSize                            = 4194304                                   {product} {ergonomic}
   size_t MaxHeapSize                              = 4139778048                                {product} {ergonomic}
   size_t MinHeapDeltaBytes                        = 2097152                                   {product} {ergonomic}
   size_t MinHeapSize                              = 8388608                                   {product} {ergonomic}
    uintx NonNMethodCodeHeapSize                   = 5839372                                {pd product} {ergonomic}
    uintx NonProfiledCodeHeapSize                  = 122909434                              {pd product} {ergonomic}
    uintx ProfiledCodeHeapSize                     = 122909434                              {pd product} {ergonomic}
    uintx ReservedCodeCacheSize                    = 251658240                              {pd product} {ergonomic}
     bool SegmentedCodeCache                       = true                                      {product} {ergonomic}
     bool ShowCodeDetailsInExceptionMessages       = true                                   {manageable} {command line}
   size_t SoftMaxHeapSize                          = 4139778048                             {manageable} {ergonomic}
     bool UseCompressedClassPointers               = true                           {product lp64_product} {ergonomic}
     bool UseCompressedOops                        = true                           {product lp64_product} {ergonomic}
     bool UseG1GC                                  = true                                      {product} {ergonomic}
     bool UseLargePagesIndividualAllocation        = false                                  {pd product} {ergonomic}

Logging:
Log output configuration:
 #0: stdout all=warning uptime,level,tags foldmultilines=false
 #1: stderr all=off uptime,level,tags foldmultilines=false

Environment Variables:
JAVA_HOME=C:\Program Files\Java\jdk-19
PATH=C:\Python312\Scripts\;C:\Python312\;C:\oraclexe\app\oracle\product\11.2.0\server\bin;;C:\Program Files\Java\jdk-19\bin;C:\Program Files\Common Files\Oracle\Java\javapath;D:\Scripts\;D:\;C:\Windows\system32;C:\Windows;C:\Windows\System32\Wbem;C:\Windows\System32\WindowsPowerShell\v1.0\;C:\Windows\System32\OpenSSH\;C:\Program Files (x86)\NVIDIA Corporation\PhysX\Common;C:\Program Files\NVIDIA Corporation\NVIDIA NvDLISR;C:\WINDOWS\system32;C:\WINDOWS;C:\WINDOWS\System32\Wbem;C:\WINDOWS\System32\WindowsPowerShell\v1.0\;C:\WINDOWS\System32\OpenSSH\;C:\Program Files\Git\cmd;C:\Program Files\Git\mingw64\bin;C:\Program Files\Git\usr\bin;C:\Program Files\nodejs\;C:\ProgramData\chocolatey\bin;C:\Program Files\MySQL\MySQL Shell 8.0\bin\;C:\Users\91630\AppData\Local\Microsoft\WindowsApps;C:\Program Files\JetBrains\IntelliJ IDEA Community Edition 2023.1.3\bin;;C:\Users\91630\AppData\Local\Programs\Microsoft VS Code\bin;C:\Users\91630\AppData\Roaming\npm
USERNAME=91630
LANG=en_US.UTF-8
OS=Windows_NT
PROCESSOR_IDENTIFIER=AMD64 Family 23 Model 96 Stepping 1, AuthenticAMD
TMP=C:\Users\91630\AppData\Local\Temp
TEMP=C:\Users\91630\AppData\Local\Temp



---------------  S Y S T E M  ---------------

OS:
 Windows 11 , 64 bit Build 22621 (10.0.22621.3235)
OS uptime: 5 days 0:23 hours
Hyper-V role detected

CPU: total 12 (initial active 12) (12 cores per cpu, 2 threads per core) family 23 model 96 stepping 1 microcode 0x0, cx8, cmov, fxsr, ht, mmx, 3dnowpref, sse, sse2, sse3, ssse3, sse4a, sse4.1, sse4.2, popcnt, lzcnt, tsc, tscinvbit, avx, avx2, aes, clmul, bmi1, bmi2, adx, sha, fma, vzeroupper, clflush, clflushopt, hv, rdtscp, rdpid

Memory: 4k page, system-wide physical 15790M (7056M free)
TotalPageFile size 23982M (AvailPageFile size 185M)
current process WorkingSet (physical memory assigned to process): 11M, peak: 11M
current process commit charge ("private bytes"): 64M, peak: 312M

vm_info: Java HotSpot(TM) 64-Bit Server VM (19.0.2+7-44) for windows-amd64 JRE (19.0.2+7-44), built on 2022-11-30T18:02:09Z by "mach5one" with MS VC++ 17.1 (VS2022)

END.
