#
# There is insufficient memory for the Java Runtime Environment to continue.
# Native memory allocation (mmap) failed to map 125829120 bytes for G1 virtual space
# Possible reasons:
#   The system is out of physical RAM or swap space
#   The process is running with CompressedOops enabled, and the Java Heap may be blocking the growth of the native heap
# Possible solutions:
#   Reduce memory load on the system
#   Increase physical memory or swap space
#   Check if swap backing store is full
#   Decrease Java heap size (-Xmx/-Xms)
#   Decrease number of Java threads
#   Decrease Java thread stack sizes (-Xss)
#   Set larger code cache with -XX:ReservedCodeCacheSize=
#   JVM is running with Unscaled Compressed Oops mode in which the Java heap is
#     placed in the first 4GB address space. The Java Heap base address is the
#     maximum limit for the native heap growth. Please use -XX:HeapBaseMinAddress
#     to set the Java Heap base and to place the Java Heap above 4GB virtual address.
# This output file may be truncated or incomplete.
#
#  Out of Memory Error (os_windows.cpp:3536), pid=31932, tid=31108
#
# JRE version:  (19.0.2+7) (build )
# Java VM: Java HotSpot(TM) 64-Bit Server VM (19.0.2+7-44, mixed mode, sharing, tiered, compressed oops, compressed class ptrs, g1 gc, windows-amd64)
# No core dump will be written. Minidumps are not enabled by default on client versions of Windows
#

---------------  S U M M A R Y ------------

Command Line: -Dfile.encoding=UTF-8 --module-path=D:\22BEC1059\ATM\bin;D:\22BEC1059\ATM\Lib\jcalendar-1.4.jar -XX:+ShowCodeDetailsInExceptionMessages -Djdk.module.main=ATM ATM/ATM.SignupOne

Host: AMD Ryzen 5 4600H with Radeon Graphics         , 12 cores, 7G,  Windows 11 , 64 bit Build 22621 (10.0.22621.2361)
Time: Thu Sep 28 12:50:55 2023 India Standard Time elapsed time: 0.010092 seconds (0d 0h 0m 0s)

---------------  T H R E A D  ---------------

Current thread (0x0000020548f892a0):  JavaThread "Unknown thread" [_thread_in_vm, id=31108, stack(0x0000000cec800000,0x0000000cec900000)]

Stack: [0x0000000cec800000,0x0000000cec900000]
Native frames: (J=compiled Java code, j=interpreted, Vv=VM code, C=native code)
V  [jvm.dll+0x6ee21a]
V  [jvm.dll+0x85765e]
V  [jvm.dll+0x85904e]
V  [jvm.dll+0x859703]
V  [jvm.dll+0x28298f]
V  [jvm.dll+0x6eb009]
V  [jvm.dll+0x6dfbaa]
V  [jvm.dll+0x3573f6]
V  [jvm.dll+0x35ee56]
V  [jvm.dll+0x3b541e]
V  [jvm.dll+0x3b564f]
V  [jvm.dll+0x32c9ea]
V  [jvm.dll+0x32d89e]
V  [jvm.dll+0x821780]
V  [jvm.dll+0x3c2661]
V  [jvm.dll+0x801f51]
V  [jvm.dll+0x44ae8f]
V  [jvm.dll+0x44c811]
C  [jli.dll+0x5287]
C  [ucrtbase.dll+0x29363]
C  [KERNEL32.DLL+0x1257d]
C  [ntdll.dll+0x5aa78]


---------------  P R O C E S S  ---------------

Threads class SMR info:
_java_thread_list=0x00007ffd51c5d048, length=0, elements={
}

Java Threads: ( => current thread )

Other Threads:
  0x0000020548fe5be0 WorkerThread "GC Thread#0" [stack: 0x0000000cec900000,0x0000000ceca00000] [id=8764]
  0x0000020548ff5a60 ConcurrentGCThread "G1 Main Marker" [stack: 0x0000000ceca00000,0x0000000cecb00000] [id=31996]
  0x0000020548ff6c30 WorkerThread "G1 Conc#0" [stack: 0x0000000cecb00000,0x0000000cecc00000] [id=31292]

[error occurred during error reporting (printing all threads), id 0xc0000005, EXCEPTION_ACCESS_VIOLATION (0xc0000005) at pc=0x00007ffd5141d427]

VM state: not at safepoint (not fully initialized)

VM Mutex/Monitor currently owned by a thread:  ([mutex/lock_event])
[0x0000020548f847a0] Heap_lock - owner thread: 0x0000020548f892a0

Heap address: 0x0000000089400000, size: 1900 MB, Compressed Oops mode: 32-bit

CDS archive(s) mapped at: [0x0000000000000000-0x0000000000000000-0x0000000000000000), size 0, SharedBaseAddress: 0x0000000800000000, ArchiveRelocationMode: 0.
Narrow klass base: 0x0000000000000000, Narrow klass shift: 0, Narrow klass range: 0x0

GC Precious Log:
 CardTable entry size: 512
 Card Set container configuration: InlinePtr #cards 5 size 8 Array Of Cards #cards 12 size 40 Howl #buckets 4 coarsen threshold 1843 Howl Bitmap #cards 512 size 80 coarsen threshold 460 Card regions per heap region 1 cards per card region 2048

Heap:
 garbage-first heap   total 0K, used 0K [0x0000000089400000, 0x0000000100000000)
  region size 1024K, 0 young (0K), 0 survivors (0K)

[error occurred during error reporting (printing heap information), id 0xc0000005, EXCEPTION_ACCESS_VIOLATION (0xc0000005) at pc=0x00007ffd51826649]

GC Heap History (0 events):
No events

Dll operation events (1 events):
Event: 0.007 Loaded shared library C:\Program Files\Java\jdk-19\bin\java.dll

Deoptimization events (0 events):
No events

Classes loaded (0 events):
No events

Classes unloaded (0 events):
No events

Classes redefined (0 events):
No events

Internal exceptions (0 events):
No events

VM Operations (0 events):
No events

Events (0 events):
No events


Dynamic libraries:
0x00007ff6bff80000 - 0x00007ff6bff90000 	C:\Program Files\Java\jdk-19\bin\javaw.exe
0x00007ffdd02f0000 - 0x00007ffdd0507000 	C:\WINDOWS\SYSTEM32\ntdll.dll
0x00007ffdcf270000 - 0x00007ffdcf334000 	C:\WINDOWS\System32\KERNEL32.DLL
0x00007ffdcdb80000 - 0x00007ffdcdf26000 	C:\WINDOWS\System32\KERNELBASE.dll
0x00007ffdcd8a0000 - 0x00007ffdcd9b1000 	C:\WINDOWS\System32\ucrtbase.dll
0x00007ffdb9500000 - 0x00007ffdb9518000 	C:\Program Files\Java\jdk-19\bin\jli.dll
0x00007ffdc1080000 - 0x00007ffdc109b000 	C:\Program Files\Java\jdk-19\bin\VCRUNTIME140.dll
0x00007ffdce170000 - 0x00007ffdce220000 	C:\WINDOWS\System32\ADVAPI32.dll
0x00007ffdcfaf0000 - 0x00007ffdcfb97000 	C:\WINDOWS\System32\msvcrt.dll
0x00007ffdcf3e0000 - 0x00007ffdcf486000 	C:\WINDOWS\System32\sechost.dll
0x00007ffdcf810000 - 0x00007ffdcf927000 	C:\WINDOWS\System32\RPCRT4.dll
0x00007ffdcf580000 - 0x00007ffdcf72e000 	C:\WINDOWS\System32\USER32.dll
0x00007ffdcda30000 - 0x00007ffdcda56000 	C:\WINDOWS\System32\win32u.dll
0x00007ffdbdd80000 - 0x00007ffdbe013000 	C:\WINDOWS\WinSxS\amd64_microsoft.windows.common-controls_6595b64144ccf1df_6.0.22621.2361_none_2712ced57382f843\COMCTL32.dll
0x00007ffdd0200000 - 0x00007ffdd0229000 	C:\WINDOWS\System32\GDI32.dll
0x00007ffdcdf30000 - 0x00007ffdce048000 	C:\WINDOWS\System32\gdi32full.dll
0x00007ffdcda60000 - 0x00007ffdcdafa000 	C:\WINDOWS\System32\msvcp_win.dll
0x00007ffdc7390000 - 0x00007ffdc739a000 	C:\WINDOWS\SYSTEM32\VERSION.dll
0x00007ffdcfba0000 - 0x00007ffdcfbd1000 	C:\WINDOWS\System32\IMM32.DLL
0x00007ffdc50b0000 - 0x00007ffdc50bc000 	C:\Program Files\Java\jdk-19\bin\vcruntime140_1.dll
0x00007ffd8e110000 - 0x00007ffd8e19e000 	C:\Program Files\Java\jdk-19\bin\msvcp140.dll
0x00007ffd510e0000 - 0x00007ffd51da0000 	C:\Program Files\Java\jdk-19\bin\server\jvm.dll
0x00007ffdc8f70000 - 0x00007ffdc8f79000 	C:\WINDOWS\SYSTEM32\WSOCK32.dll
0x00007ffdc8ef0000 - 0x00007ffdc8f24000 	C:\WINDOWS\SYSTEM32\WINMM.dll
0x00007ffdd0230000 - 0x00007ffdd02a1000 	C:\WINDOWS\System32\WS2_32.dll
0x00007ffdcc7a0000 - 0x00007ffdcc7b8000 	C:\WINDOWS\SYSTEM32\kernel.appcore.dll
0x00007ffdc0f40000 - 0x00007ffdc0f4a000 	C:\Program Files\Java\jdk-19\bin\jimage.dll
0x00007ffdc64c0000 - 0x00007ffdc66ee000 	C:\WINDOWS\SYSTEM32\DBGHELP.DLL
0x00007ffdced40000 - 0x00007ffdcf0ca000 	C:\WINDOWS\System32\combase.dll
0x00007ffdcf730000 - 0x00007ffdcf807000 	C:\WINDOWS\System32\OLEAUT32.dll
0x00007ffdc4c50000 - 0x00007ffdc4c82000 	C:\WINDOWS\SYSTEM32\dbgcore.DLL
0x00007ffdcdb00000 - 0x00007ffdcdb7a000 	C:\WINDOWS\System32\bcryptPrimitives.dll
0x00007ffdb2840000 - 0x00007ffdb2866000 	C:\Program Files\Java\jdk-19\bin\java.dll

dbghelp: loaded successfully - version: 4.0.5 - missing functions: none
symbol engine: initialized successfully - sym options: 0x614 - pdb path: .;C:\Program Files\Java\jdk-19\bin;C:\WINDOWS\SYSTEM32;C:\WINDOWS\WinSxS\amd64_microsoft.windows.common-controls_6595b64144ccf1df_6.0.22621.2361_none_2712ced57382f843;C:\Program Files\Java\jdk-19\bin\server

VM Arguments:
jvm_args: -Dfile.encoding=UTF-8 --module-path=D:\22BEC1059\ATM\bin;D:\22BEC1059\ATM\Lib\jcalendar-1.4.jar -XX:+ShowCodeDetailsInExceptionMessages -Djdk.module.main=ATM 
java_command: ATM/ATM.SignupOne
java_class_path (initial): C:\Users\91630\Downloads\mysql-connector-j-8.0.33\mysql-connector-j-8.0.33\mysql-connector-j-8.0.33.jar
Launcher Type: SUN_STANDARD

[Global flags]
     intx CICompilerCount                          = 4                                         {product} {ergonomic}
     uint ConcGCThreads                            = 3                                         {product} {ergonomic}
     uint G1ConcRefinementThreads                  = 10                                        {product} {ergonomic}
   size_t G1HeapRegionSize                         = 1048576                                   {product} {ergonomic}
    uintx GCDrainStackTargetSize                   = 64                                        {product} {ergonomic}
   size_t InitialHeapSize                          = 125829120                                 {product} {ergonomic}
   size_t MarkStackSize                            = 4194304                                   {product} {ergonomic}
   size_t MaxHeapSize                              = 1992294400                                {product} {ergonomic}
   size_t MinHeapDeltaBytes                        = 1048576                                   {product} {ergonomic}
   size_t MinHeapSize                              = 8388608                                   {product} {ergonomic}
    uintx NonNMethodCodeHeapSize                   = 5839372                                {pd product} {ergonomic}
    uintx NonProfiledCodeHeapSize                  = 122909434                              {pd product} {ergonomic}
    uintx ProfiledCodeHeapSize                     = 122909434                              {pd product} {ergonomic}
    uintx ReservedCodeCacheSize                    = 251658240                              {pd product} {ergonomic}
     bool SegmentedCodeCache                       = true                                      {product} {ergonomic}
     bool ShowCodeDetailsInExceptionMessages       = true                                   {manageable} {command line}
   size_t SoftMaxHeapSize                          = 1992294400                             {manageable} {ergonomic}
     bool UseCompressedClassPointers               = true                           {product lp64_product} {ergonomic}
     bool UseCompressedOops                        = true                           {product lp64_product} {ergonomic}
     bool UseG1GC                                  = true                                      {product} {ergonomic}
     bool UseLargePagesIndividualAllocation        = false                                  {pd product} {ergonomic}

Logging:
Log output configuration:
 #0: stdout all=warning uptime,level,tags foldmultilines=false
 #1: stderr all=off uptime,level,tags foldmultilines=false

Environment Variables:
JAVA_HOME=C:\Program Files\Java\jdk-19
PATH=C:/Program Files/Java/jdk-19/bin/server;C:/Program Files/Java/jdk-19/bin;C:\Program Files\Java\jdk-19\bin;C:\Program Files\Common Files\Oracle\Java\javapath;D:\Scripts\;D:\;C:\Windows\system32;C:\Windows;C:\Windows\System32\Wbem;C:\Windows\System32\WindowsPowerShell\v1.0\;C:\Windows\System32\OpenSSH\;C:\Program Files (x86)\NVIDIA Corporation\PhysX\Common;C:\Program Files\NVIDIA Corporation\NVIDIA NvDLISR;C:\WINDOWS\system32;C:\WINDOWS;C:\WINDOWS\System32\Wbem;C:\WINDOWS\System32\WindowsPowerShell\v1.0\;C:\WINDOWS\System32\OpenSSH\;C:\Program Files\Git\cmd;C:\Program Files\MySQL\MySQL Shell 8.0\bin\;C:\Users\91630\AppData\Local\Microsoft\WindowsApps;C:\Program Files\JetBrains\IntelliJ IDEA Community Edition 2023.1.3\bin;;C:\Users\91630\AppData\Local\Programs\Microsoft VS Code\bin;D:\OneDrive\Desktop;
USERNAME=91630
OS=Windows_NT
PROCESSOR_IDENTIFIER=AMD64 Family 23 Model 96 Stepping 1, AuthenticAMD
TMP=C:\Users\91630\AppData\Local\Temp
TEMP=C:\Users\91630\AppData\Local\Temp



---------------  S Y S T E M  ---------------

OS:
 Windows 11 , 64 bit Build 22621 (10.0.22621.2361)
OS uptime: 0 days 14:24 hours

CPU: total 12 (initial active 12) (12 cores per cpu, 2 threads per core) family 23 model 96 stepping 1 microcode 0x0, cx8, cmov, fxsr, ht, mmx, 3dnowpref, sse, sse2, sse3, ssse3, sse4a, sse4.1, sse4.2, popcnt, lzcnt, tsc, tscinvbit, avx, avx2, aes, clmul, bmi1, bmi2, adx, sha, fma, vzeroupper, clflush, clflushopt, rdtscp, rdpid

Memory: 4k page, system-wide physical 7598M (273M free)
TotalPageFile size 31150M (AvailPageFile size 48M)
current process WorkingSet (physical memory assigned to process): 11M, peak: 11M
current process commit charge ("private bytes"): 64M, peak: 184M

vm_info: Java HotSpot(TM) 64-Bit Server VM (19.0.2+7-44) for windows-amd64 JRE (19.0.2+7-44), built on 2022-11-30T18:02:09Z by "mach5one" with MS VC++ 17.1 (VS2022)

END.
